d:\final game project\whenpigsfly\whenpigsfly\sfml\x64\debug\vc143.pdb
d:\final game project\whenpigsfly\whenpigsfly\sfml\x64\debug\vc143.idb
d:\final game project\whenpigsfly\whenpigsfly\sfml\x64\debug\vec2.obj
d:\final game project\whenpigsfly\whenpigsfly\sfml\x64\debug\utilities.obj
d:\final game project\whenpigsfly\whenpigsfly\sfml\x64\debug\sfml.obj
d:\final game project\whenpigsfly\whenpigsfly\sfml\x64\debug\scene_sum.obj
d:\final game project\whenpigsfly\whenpigsfly\sfml\x64\debug\scene_play.obj
d:\final game project\whenpigsfly\whenpigsfly\sfml\x64\debug\scene_options.obj
d:\final game project\whenpigsfly\whenpigsfly\sfml\x64\debug\scene_menu.obj
d:\final game project\whenpigsfly\whenpigsfly\sfml\x64\debug\scene_credits.obj
d:\final game project\whenpigsfly\whenpigsfly\sfml\x64\debug\scene_con.obj
d:\final game project\whenpigsfly\whenpigsfly\sfml\x64\debug\scene_audio.obj
d:\final game project\whenpigsfly\whenpigsfly\sfml\x64\debug\scene.obj
d:\final game project\whenpigsfly\whenpigsfly\sfml\x64\debug\physics.obj
d:\final game project\whenpigsfly\whenpigsfly\sfml\x64\debug\gameengine.obj
d:\final game project\whenpigsfly\whenpigsfly\sfml\x64\debug\entitymanager.obj
d:\final game project\whenpigsfly\whenpigsfly\sfml\x64\debug\entity.obj
d:\final game project\whenpigsfly\whenpigsfly\sfml\x64\debug\assets.obj
d:\final game project\whenpigsfly\whenpigsfly\sfml\x64\debug\animation.obj
d:\final game project\whenpigsfly\whenpigsfly\sfml\x64\debug\action.obj
d:\final game project\whenpigsfly\whenpigsfly\sfml\x64\debug\soundplayer.obj
d:\final game project\whenpigsfly\whenpigsfly\sfml\x64\debug\musicplayer.obj
d:\final game project\whenpigsfly\whenpigsfly\x64\debug\sfml.exe
d:\final game project\whenpigsfly\whenpigsfly\sfml\x64\debug\sfml.ilk
d:\final game project\whenpigsfly\whenpigsfly\x64\debug\sfml.pdb
d:\final game project\whenpigsfly\whenpigsfly\sfml\x64\debug\sfml.tlog\cl.command.1.tlog
d:\final game project\whenpigsfly\whenpigsfly\sfml\x64\debug\sfml.tlog\cl.read.1.tlog
d:\final game project\whenpigsfly\whenpigsfly\sfml\x64\debug\sfml.tlog\cl.write.1.tlog
d:\final game project\whenpigsfly\whenpigsfly\sfml\x64\debug\sfml.tlog\link.command.1.tlog
d:\final game project\whenpigsfly\whenpigsfly\sfml\x64\debug\sfml.tlog\link.read.1.tlog
d:\final game project\whenpigsfly\whenpigsfly\sfml\x64\debug\sfml.tlog\link.write.1.tlog
